========================================= test session starts ==========================================
platform darwin -- Python 3.9.6, pytest-7.4.3, pluggy-1.3.0
rootdir: /Users/yakov/Documents/clover_soft/unit_tests/src/main/java/lesson06
plugins: anyio-4.0.0
collected 3 items                                                                                      

test_lesson06.py ...                                                                             [100%]

========================================== 3 passed in 0.03s ===========================================